This file contains any messages produced by compilers while
running configure, to aid debugging if configure makes a mistake.

It was created by configure, which was
generated by GNU Autoconf 2.69.  Invocation command line was

  $ ./configure 

## --------- ##
## Platform. ##
## --------- ##

hostname = ae1449959150
uname -m = x86_64
uname -r = 3.10.0-327.22.2.el7.x86_64
uname -s = Linux
uname -v = #1 SMP Thu Jun 23 17:05:11 UTC 2016

/usr/bin/uname -p = unknown
/bin/uname -X     = unknown

/bin/arch              = unknown
/usr/bin/arch -k       = unknown
/usr/convex/getsysinfo = unknown
/usr/bin/hostinfo      = unknown
/bin/machine           = unknown
/usr/bin/oslevel       = unknown
/bin/universe          = unknown

PATH: /usr/local/sbin
PATH: /usr/local/bin
PATH: /usr/sbin
PATH: /usr/bin
PATH: /sbin
PATH: /bin


## ----------- ##
## Core tests. ##
## ----------- ##

configure:2047: checking for g++
configure:2063: found /usr/bin/g++
configure:2074: result: g++
configure:2101: checking for C++ compiler version
configure:2110: g++ --version >&5
g++ (Ubuntu 5.4.0-6ubuntu1~16.04.4) 5.4.0 20160609
Copyright (C) 2015 Free Software Foundation, Inc.
This is free software; see the source for copying conditions.  There is NO
warranty; not even for MERCHANTABILITY or FITNESS FOR A PARTICULAR PURPOSE.

configure:2121: $? = 0
configure:2110: g++ -v >&5
Using built-in specs.
COLLECT_GCC=g++
COLLECT_LTO_WRAPPER=/usr/lib/gcc/x86_64-linux-gnu/5/lto-wrapper
Target: x86_64-linux-gnu
Configured with: ../src/configure -v --with-pkgversion='Ubuntu 5.4.0-6ubuntu1~16.04.4' --with-bugurl=file:///usr/share/doc/gcc-5/README.Bugs --enable-languages=c,ada,c++,java,go,d,fortran,objc,obj-c++ --prefix=/usr --program-suffix=-5 --enable-shared --enable-linker-build-id --libexecdir=/usr/lib --without-included-gettext --enable-threads=posix --libdir=/usr/lib --enable-nls --with-sysroot=/ --enable-clocale=gnu --enable-libstdcxx-debug --enable-libstdcxx-time=yes --with-default-libstdcxx-abi=new --enable-gnu-unique-object --disable-vtable-verify --enable-libmpx --enable-plugin --with-system-zlib --disable-browser-plugin --enable-java-awt=gtk --enable-gtk-cairo --with-java-home=/usr/lib/jvm/java-1.5.0-gcj-5-amd64/jre --enable-java-home --with-jvm-root-dir=/usr/lib/jvm/java-1.5.0-gcj-5-amd64 --with-jvm-jar-dir=/usr/lib/jvm-exports/java-1.5.0-gcj-5-amd64 --with-arch-directory=amd64 --with-ecj-jar=/usr/share/java/eclipse-ecj.jar --enable-objc-gc --enable-multiarch --disable-werror --with-arch-32=i686 --with-abi=m64 --with-multilib-list=m32,m64,mx32 --enable-multilib --with-tune=generic --enable-checking=release --build=x86_64-linux-gnu --host=x86_64-linux-gnu --target=x86_64-linux-gnu
Thread model: posix
gcc version 5.4.0 20160609 (Ubuntu 5.4.0-6ubuntu1~16.04.4) 
configure:2121: $? = 0
configure:2110: g++ -V >&5
g++: error: unrecognized command line option '-V'
g++: fatal error: no input files
compilation terminated.
configure:2121: $? = 1
configure:2110: g++ -qversion >&5
g++: error: unrecognized command line option '-qversion'
g++: fatal error: no input files
compilation terminated.
configure:2121: $? = 1
configure:2141: checking whether the C++ compiler works
configure:2163: g++    conftest.cpp  >&5
configure:2167: $? = 0
configure:2215: result: yes
configure:2218: checking for C++ compiler default output file name
configure:2220: result: a.out
configure:2226: checking for suffix of executables
configure:2233: g++ -o conftest    conftest.cpp  >&5
configure:2237: $? = 0
configure:2259: result: 
configure:2281: checking whether we are cross compiling
configure:2289: g++ -o conftest    conftest.cpp  >&5
configure:2293: $? = 0
configure:2300: ./conftest
configure:2304: $? = 0
configure:2319: result: no
configure:2324: checking for suffix of object files
configure:2346: g++ -c   conftest.cpp >&5
configure:2350: $? = 0
configure:2371: result: o
configure:2375: checking whether we are using the GNU C++ compiler
configure:2394: g++ -c   conftest.cpp >&5
configure:2394: $? = 0
configure:2403: result: yes
configure:2412: checking whether g++ accepts -g
configure:2432: g++ -c -g  conftest.cpp >&5
configure:2432: $? = 0
configure:2473: result: yes
configure:2502: checking how to run the C++ preprocessor
configure:2529: g++ -E  conftest.cpp
configure:2529: $? = 0
configure:2543: g++ -E  conftest.cpp
conftest.cpp:9:28: fatal error: ac_nonexistent.h: No such file or directory
compilation terminated.
configure:2543: $? = 1
configure: failed program was:
| /* confdefs.h */
| #define PACKAGE_NAME ""
| #define PACKAGE_TARNAME ""
| #define PACKAGE_VERSION ""
| #define PACKAGE_STRING ""
| #define PACKAGE_BUGREPORT ""
| #define PACKAGE_URL ""
| /* end confdefs.h.  */
| #include <ac_nonexistent.h>
configure:2568: result: g++ -E
configure:2588: g++ -E  conftest.cpp
configure:2588: $? = 0
configure:2602: g++ -E  conftest.cpp
conftest.cpp:9:28: fatal error: ac_nonexistent.h: No such file or directory
compilation terminated.
configure:2602: $? = 1
configure: failed program was:
| /* confdefs.h */
| #define PACKAGE_NAME ""
| #define PACKAGE_TARNAME ""
| #define PACKAGE_VERSION ""
| #define PACKAGE_STRING ""
| #define PACKAGE_BUGREPORT ""
| #define PACKAGE_URL ""
| /* end confdefs.h.  */
| #include <ac_nonexistent.h>
configure:2631: checking for grep that handles long lines and -e
configure:2689: result: /bin/grep
configure:2694: checking for egrep
configure:2756: result: /bin/grep -E
configure:2761: checking for ANSI C header files
configure:2781: g++ -c -g -O2  conftest.cpp >&5
configure:2781: $? = 0
configure:2854: g++ -o conftest -g -O2   conftest.cpp  >&5
configure:2854: $? = 0
configure:2854: ./conftest
configure:2854: $? = 0
configure:2865: result: yes
configure:2878: checking for sys/types.h
configure:2878: g++ -c -g -O2  conftest.cpp >&5
configure:2878: $? = 0
configure:2878: result: yes
configure:2878: checking for sys/stat.h
configure:2878: g++ -c -g -O2  conftest.cpp >&5
configure:2878: $? = 0
configure:2878: result: yes
configure:2878: checking for stdlib.h
configure:2878: g++ -c -g -O2  conftest.cpp >&5
configure:2878: $? = 0
configure:2878: result: yes
configure:2878: checking for string.h
configure:2878: g++ -c -g -O2  conftest.cpp >&5
configure:2878: $? = 0
configure:2878: result: yes
configure:2878: checking for memory.h
configure:2878: g++ -c -g -O2  conftest.cpp >&5
configure:2878: $? = 0
configure:2878: result: yes
configure:2878: checking for strings.h
configure:2878: g++ -c -g -O2  conftest.cpp >&5
configure:2878: $? = 0
configure:2878: result: yes
configure:2878: checking for inttypes.h
configure:2878: g++ -c -g -O2  conftest.cpp >&5
configure:2878: $? = 0
configure:2878: result: yes
configure:2878: checking for stdint.h
configure:2878: g++ -c -g -O2  conftest.cpp >&5
configure:2878: $? = 0
configure:2878: result: yes
configure:2878: checking for unistd.h
configure:2878: g++ -c -g -O2  conftest.cpp >&5
configure:2878: $? = 0
configure:2878: result: yes
configure:2893: checking unordered_set usability
configure:2893: g++ -c -g -O2  conftest.cpp >&5
In file included from /usr/include/c++/5/unordered_set:35:0,
                 from conftest.cpp:52:
/usr/include/c++/5/bits/c++0x_warning.h:32:2: error: #error This file requires compiler and library support for the ISO C++ 2011 standard. This support must be enabled with the -std=c++11 or -std=gnu++11 compiler options.
 #error This file requires compiler and library support \
  ^
configure:2893: $? = 1
configure: failed program was:
| /* confdefs.h */
| #define PACKAGE_NAME ""
| #define PACKAGE_TARNAME ""
| #define PACKAGE_VERSION ""
| #define PACKAGE_STRING ""
| #define PACKAGE_BUGREPORT ""
| #define PACKAGE_URL ""
| #define STDC_HEADERS 1
| #define HAVE_SYS_TYPES_H 1
| #define HAVE_SYS_STAT_H 1
| #define HAVE_STDLIB_H 1
| #define HAVE_STRING_H 1
| #define HAVE_MEMORY_H 1
| #define HAVE_STRINGS_H 1
| #define HAVE_INTTYPES_H 1
| #define HAVE_STDINT_H 1
| #define HAVE_UNISTD_H 1
| /* end confdefs.h.  */
| #include <stdio.h>
| #ifdef HAVE_SYS_TYPES_H
| # include <sys/types.h>
| #endif
| #ifdef HAVE_SYS_STAT_H
| # include <sys/stat.h>
| #endif
| #ifdef STDC_HEADERS
| # include <stdlib.h>
| # include <stddef.h>
| #else
| # ifdef HAVE_STDLIB_H
| #  include <stdlib.h>
| # endif
| #endif
| #ifdef HAVE_STRING_H
| # if !defined STDC_HEADERS && defined HAVE_MEMORY_H
| #  include <memory.h>
| # endif
| # include <string.h>
| #endif
| #ifdef HAVE_STRINGS_H
| # include <strings.h>
| #endif
| #ifdef HAVE_INTTYPES_H
| # include <inttypes.h>
| #endif
| #ifdef HAVE_STDINT_H
| # include <stdint.h>
| #endif
| #ifdef HAVE_UNISTD_H
| # include <unistd.h>
| #endif
| #include <unordered_set>
configure:2893: result: no
configure:2893: checking unordered_set presence
configure:2893: g++ -E  conftest.cpp
In file included from /usr/include/c++/5/unordered_set:35:0,
                 from conftest.cpp:19:
/usr/include/c++/5/bits/c++0x_warning.h:32:2: error: #error This file requires compiler and library support for the ISO C++ 2011 standard. This support must be enabled with the -std=c++11 or -std=gnu++11 compiler options.
 #error This file requires compiler and library support \
  ^
configure:2893: $? = 1
configure: failed program was:
| /* confdefs.h */
| #define PACKAGE_NAME ""
| #define PACKAGE_TARNAME ""
| #define PACKAGE_VERSION ""
| #define PACKAGE_STRING ""
| #define PACKAGE_BUGREPORT ""
| #define PACKAGE_URL ""
| #define STDC_HEADERS 1
| #define HAVE_SYS_TYPES_H 1
| #define HAVE_SYS_STAT_H 1
| #define HAVE_STDLIB_H 1
| #define HAVE_STRING_H 1
| #define HAVE_MEMORY_H 1
| #define HAVE_STRINGS_H 1
| #define HAVE_INTTYPES_H 1
| #define HAVE_STDINT_H 1
| #define HAVE_UNISTD_H 1
| /* end confdefs.h.  */
| #include <unordered_set>
configure:2893: result: no
configure:2893: checking for unordered_set
configure:2893: result: no
configure:2893: checking tr1/unordered_set usability
configure:2893: g++ -c -g -O2  conftest.cpp >&5
configure:2893: $? = 0
configure:2893: result: yes
configure:2893: checking tr1/unordered_set presence
configure:2893: g++ -E  conftest.cpp
configure:2893: $? = 0
configure:2893: result: yes
configure:2893: checking for tr1/unordered_set
configure:2893: result: yes
configure:2906: checking for pkg-config
configure:2924: found /usr/bin/pkg-config
configure:2936: result: /usr/bin/pkg-config
configure:3070: creating ./config.status

## ---------------------- ##
## Running config.status. ##
## ---------------------- ##

This file was extended by config.status, which was
generated by GNU Autoconf 2.69.  Invocation command line was

  CONFIG_FILES    = 
  CONFIG_HEADERS  = 
  CONFIG_LINKS    = 
  CONFIG_COMMANDS = 
  $ ./config.status 

on ae1449959150

config.status:802: creating src/Makevars
config.status:802: creating src/config.h
config.status:957: src/config.h is unchanged

## ---------------- ##
## Cache variables. ##
## ---------------- ##

ac_cv_cxx_compiler_gnu=yes
ac_cv_env_CCC_set=
ac_cv_env_CCC_value=
ac_cv_env_CPPFLAGS_set=
ac_cv_env_CPPFLAGS_value=
ac_cv_env_CXXCPP_set=
ac_cv_env_CXXCPP_value=
ac_cv_env_CXXFLAGS_set=
ac_cv_env_CXXFLAGS_value=
ac_cv_env_CXX_set=
ac_cv_env_CXX_value=
ac_cv_env_LDFLAGS_set=
ac_cv_env_LDFLAGS_value=
ac_cv_env_LIBS_set=
ac_cv_env_LIBS_value=
ac_cv_env_build_alias_set=
ac_cv_env_build_alias_value=
ac_cv_env_host_alias_set=
ac_cv_env_host_alias_value=
ac_cv_env_target_alias_set=
ac_cv_env_target_alias_value=
ac_cv_header_inttypes_h=yes
ac_cv_header_memory_h=yes
ac_cv_header_stdc=yes
ac_cv_header_stdint_h=yes
ac_cv_header_stdlib_h=yes
ac_cv_header_string_h=yes
ac_cv_header_strings_h=yes
ac_cv_header_sys_stat_h=yes
ac_cv_header_sys_types_h=yes
ac_cv_header_tr1_unordered_set=yes
ac_cv_header_unistd_h=yes
ac_cv_header_unordered_set=no
ac_cv_objext=o
ac_cv_path_EGREP='/bin/grep -E'
ac_cv_path_GREP=/bin/grep
ac_cv_path_PKG_CONFIG=/usr/bin/pkg-config
ac_cv_prog_CXXCPP='g++ -E'
ac_cv_prog_ac_ct_CXX=g++
ac_cv_prog_cxx_g=yes

## ----------------- ##
## Output variables. ##
## ----------------- ##

CPPFLAGS=''
CXX='g++'
CXXCPP='g++ -E'
CXXFLAGS='-g -O2'
DEFS='-DHAVE_CONFIG_H'
ECHO_C=''
ECHO_N='-n'
ECHO_T=''
EGREP='/bin/grep -E'
EXEEXT=''
GREP='/bin/grep'
LDFLAGS=''
LIBOBJS=''
LIBS=''
LTLIBOBJS=''
OBJEXT='o'
PACKAGE_BUGREPORT=''
PACKAGE_NAME=''
PACKAGE_STRING=''
PACKAGE_TARNAME=''
PACKAGE_URL=''
PACKAGE_VERSION=''
PATH_SEPARATOR=':'
PKG_CFLAGS=''
PKG_CONFIG='/usr/bin/pkg-config'
PKG_LIBS=''
SHELL='/bin/bash'
ac_ct_CXX='g++'
bindir='${exec_prefix}/bin'
build_alias=''
datadir='${datarootdir}'
datarootdir='${prefix}/share'
docdir='${datarootdir}/doc/${PACKAGE}'
dvidir='${docdir}'
exec_prefix='${prefix}'
host_alias=''
htmldir='${docdir}'
includedir='${prefix}/include'
infodir='${datarootdir}/info'
libdir='${exec_prefix}/lib'
libexecdir='${exec_prefix}/libexec'
localedir='${datarootdir}/locale'
localstatedir='${prefix}/var'
mandir='${datarootdir}/man'
oldincludedir='/usr/include'
pdfdir='${docdir}'
prefix='/usr/local'
program_transform_name='s,x,x,'
psdir='${docdir}'
runstatedir='${localstatedir}/run'
sbindir='${exec_prefix}/sbin'
sharedstatedir='${prefix}/com'
sysconfdir='${prefix}/etc'
target_alias=''

## ----------- ##
## confdefs.h. ##
## ----------- ##

/* confdefs.h */
#define PACKAGE_NAME ""
#define PACKAGE_TARNAME ""
#define PACKAGE_VERSION ""
#define PACKAGE_STRING ""
#define PACKAGE_BUGREPORT ""
#define PACKAGE_URL ""
#define STDC_HEADERS 1
#define HAVE_SYS_TYPES_H 1
#define HAVE_SYS_STAT_H 1
#define HAVE_STDLIB_H 1
#define HAVE_STRING_H 1
#define HAVE_MEMORY_H 1
#define HAVE_STRINGS_H 1
#define HAVE_INTTYPES_H 1
#define HAVE_STDINT_H 1
#define HAVE_UNISTD_H 1
#define HAVE_TR1_UNORDERED_SET 1

configure: exit 0
